TN:
SF:src/use-cases/SubmitFeedbackUseCase.ts
FN:16,execute
FN:11,SubmitFeedbackUseCase
FNF:2
FNH:2
FNDA:5,execute
FNDA:1,SubmitFeedbackUseCase
DA:1,1
DA:2,1
DA:3,1
DA:4,1
DA:5,1
DA:6,1
DA:7,1
DA:8,1
DA:9,1
DA:10,1
DA:11,1
DA:12,1
DA:13,1
DA:14,1
DA:15,1
DA:16,1
DA:17,5
DA:18,4
DA:19,5
DA:20,3
DA:21,5
DA:22,1
DA:23,1
DA:24,2
DA:25,2
DA:26,2
DA:27,2
DA:28,2
DA:29,2
DA:30,2
DA:31,2
DA:32,2
DA:33,2
DA:34,2
DA:35,2
DA:36,2
DA:37,2
DA:38,2
DA:39,2
DA:40,2
DA:41,1
LF:41
LH:41
BRDA:16,0,0,5
BRDA:17,1,0,1
BRDA:18,2,0,4
BRDA:19,3,0,1
BRDA:20,4,0,3
BRDA:21,5,0,2
BRDA:21,6,0,1
BRDA:24,7,0,2
BRDA:11,8,0,1
BRF:9
BRH:9
end_of_record
